#
# There is insufficient memory for the Java Runtime Environment to continue.
# Native memory allocation (malloc) failed to allocate 51216 bytes for Chunk::new
# Possible reasons:
#   The system is out of physical RAM or swap space
#   The process is running with CompressedOops enabled, and the Java Heap may be blocking the growth of the native heap
# Possible solutions:
#   Reduce memory load on the system
#   Increase physical memory or swap space
#   Check if swap backing store is full
#   Decrease Java heap size (-Xmx/-Xms)
#   Decrease number of Java threads
#   Decrease Java thread stack sizes (-Xss)
#   Set larger code cache with -XX:ReservedCodeCacheSize=
#   JVM is running with Unscaled Compressed Oops mode in which the Java heap is
#     placed in the first 4GB address space. The Java Heap base address is the
#     maximum limit for the native heap growth. Please use -XX:HeapBaseMinAddress
#     to set the Java Heap base and to place the Java Heap above 4GB virtual address.
# This output file may be truncated or incomplete.
#
#  Out of Memory Error (./src/hotspot/share/memory/arena.cpp:197), pid=10588, tid=28580
#
# JRE version: OpenJDK Runtime Environment AdoptOpenJDK (11.0.8+10) (build 11.0.8+10)
# Java VM: OpenJDK 64-Bit Server VM AdoptOpenJDK (11.0.8+10, mixed mode, tiered, compressed oops, g1 gc, windows-amd64)
# No core dump will be written. Minidumps are not enabled by default on client versions of Windows
#

---------------  S U M M A R Y ------------

Command Line: -Dapplication.home=C:\Program Files\AdoptOpenJDK\jdk-11.0.8.10-hotspot --add-modules=ALL-DEFAULT -Xms8m -Djdk.module.main=jdk.compiler jdk.compiler/com.sun.tools.javac.Main -d E:\Java\GUI_SQL_test\build\classes -classpath E:\Java\GUI_SQL_test\build\classes;E:\Documents\mysql-connector-java-5.1.49\mysql-connector-java-5.1.49\mysql-connector-java-5.1.49-bin.jar;E:\Documents\mysql-connector-java-5.1.49\mysql-connector-java-5.1.49\mysql-connector-java-5.1.49.jar;E:\Documents\1398197092_jdatechooser\jdatechooser\DateChooser.jar -sourcepath E:\Java\GUI_SQL_test\build\empty -target 11 -encoding UTF-8 -g -processorpath E:\Documents\mysql-connector-java-5.1.49\mysql-connector-java-5.1.49\mysql-connector-java-5.1.49-bin.jar;E:\Documents\mysql-connector-java-5.1.49\mysql-connector-java-5.1.49\mysql-connector-java-5.1.49.jar;E:\Documents\1398197092_jdatechooser\jdatechooser\DateChooser.jar;E:\Java\GUI_SQL_test\build\empty -s E:\Java\GUI_SQL_test\build\generated-sources\ap-source-output -source 11 --module-path E:\Documents\mysql-connector-java-5.1.49\mysql-connector-java-5.1.49\mysql-connector-java-5.1.49.jar;E:\Documents\mysql-connector-java-5.1.49\mysql-connector-java-5.1.49\mysql-connector-java-5.1.49-bin.jar E:\Java\GUI_SQL_test\src\GUI3.java

Host: Intel(R) Core(TM) i7-8550U CPU @ 1.80GHz, 8 cores, 7G,  Windows 10 , 64 bit Build 18362 (10.0.18362.1110)
Time: Thu Nov 12 19:20:10 2020 Paris, Madrid elapsed time: 0 seconds (0d 0h 0m 0s)

---------------  T H R E A D  ---------------

Current thread (0x000001274595d800):  JavaThread "main" [_thread_in_vm, id=28580, stack(0x0000001402500000,0x0000001402600000)]

Stack: [0x0000001402500000,0x0000001402600000]
Native frames: (J=compiled Java code, j=interpreted, Vv=VM code, C=native code)
V  [jvm.dll+0x5dfa5a]
V  [jvm.dll+0x7175ce]
V  [jvm.dll+0x718c9f]
V  [jvm.dll+0x719363]
V  [jvm.dll+0x240e48]
V  [jvm.dll+0xb96ac]
V  [jvm.dll+0xb9dac]
V  [jvm.dll+0x666cf9]
V  [jvm.dll+0x7089f4]
V  [jvm.dll+0x70ba47]
V  [jvm.dll+0x70596c]
V  [jvm.dll+0x351c52]
V  [jvm.dll+0x350e4a]
V  [jvm.dll+0x350de8]
V  [jvm.dll+0x4e3fc2]
V  [jvm.dll+0x4e2fd4]
V  [jvm.dll+0x363888]
V  [jvm.dll+0x362f84]
C  0x000001274df0d418

Java frames: (J=compiled Java code, j=interpreted, Vv=VM code)
j  com.sun.tools.javac.jvm.Gen.<init>(Lcom/sun/tools/javac/util/Context;)V+160 jdk.compiler@11.0.8
j  com.sun.tools.javac.jvm.Gen.instance(Lcom/sun/tools/javac/util/Context;)Lcom/sun/tools/javac/jvm/Gen;+20 jdk.compiler@11.0.8
j  com.sun.tools.javac.main.JavaCompiler.<init>(Lcom/sun/tools/javac/util/Context;)V+285 jdk.compiler@11.0.8
j  com.sun.tools.javac.main.JavaCompiler.instance(Lcom/sun/tools/javac/util/Context;)Lcom/sun/tools/javac/main/JavaCompiler;+20 jdk.compiler@11.0.8
j  com.sun.tools.javac.main.Main.compile([Ljava/lang/String;Lcom/sun/tools/javac/util/Context;)Lcom/sun/tools/javac/main/Main$Result;+528 jdk.compiler@11.0.8
j  com.sun.tools.javac.main.Main.compile([Ljava/lang/String;)Lcom/sun/tools/javac/main/Main$Result;+15 jdk.compiler@11.0.8
j  com.sun.tools.javac.Main.compile([Ljava/lang/String;)I+12 jdk.compiler@11.0.8
j  com.sun.tools.javac.Main.main([Ljava/lang/String;)V+1 jdk.compiler@11.0.8
v  ~StubRoutines::call_stub

---------------  P R O C E S S  ---------------

Threads class SMR info:
_java_thread_list=0x00000127651c66c0, length=11, elements={
0x000001274595d800, 0x0000012764f8d800, 0x0000012764f99000, 0x0000012764ff9800,
0x0000012764ffa800, 0x0000012764fff000, 0x0000012764fa7800, 0x0000012764fb1800,
0x000001276517e000, 0x000001276517a800, 0x0000012765285800
}

Java Threads: ( => current thread )
=>0x000001274595d800 JavaThread "main" [_thread_in_vm, id=28580, stack(0x0000001402500000,0x0000001402600000)]
  0x0000012764f8d800 JavaThread "Reference Handler" daemon [_thread_blocked, id=6940, stack(0x0000001402c00000,0x0000001402d00000)]
  0x0000012764f99000 JavaThread "Finalizer" daemon [_thread_blocked, id=15540, stack(0x0000001402d00000,0x0000001402e00000)]
  0x0000012764ff9800 JavaThread "Signal Dispatcher" daemon [_thread_blocked, id=20600, stack(0x0000001402e00000,0x0000001402f00000)]
  0x0000012764ffa800 JavaThread "Attach Listener" daemon [_thread_blocked, id=20828, stack(0x0000001402f00000,0x0000001403000000)]
  0x0000012764fff000 JavaThread "C2 CompilerThread0" daemon [_thread_blocked, id=17540, stack(0x0000001403000000,0x0000001403100000)]
  0x0000012764fa7800 JavaThread "C1 CompilerThread0" daemon [_thread_blocked, id=15004, stack(0x0000001403100000,0x0000001403200000)]
  0x0000012764fb1800 JavaThread "Sweeper thread" daemon [_thread_blocked, id=11176, stack(0x0000001403200000,0x0000001403300000)]
  0x000001276517e000 JavaThread "Common-Cleaner" daemon [_thread_blocked, id=16784, stack(0x0000001403300000,0x0000001403400000)]
  0x000001276517a800 JavaThread "C2 CompilerThread1" daemon [_thread_blocked, id=22824, stack(0x0000001403400000,0x0000001403500000)]
  0x0000012765285800 JavaThread "Service Thread" daemon [_thread_blocked, id=27676, stack(0x0000001403500000,0x0000001403600000)]

Other Threads:
  0x0000012764f63800 VMThread "VM Thread" [stack: 0x0000001402b00000,0x0000001402c00000] [id=13972]
  0x0000012765303000 WatcherThread [stack: 0x0000001403600000,0x0000001403700000] [id=5756]
  0x0000012745079000 GCTaskThread "GC Thread#0" [stack: 0x0000001402600000,0x0000001402700000] [id=24428]
  0x0000012765563000 GCTaskThread "GC Thread#1" [stack: 0x0000001403700000,0x0000001403800000] [id=6424]
  0x00000127450ac800 ConcurrentGCThread "G1 Main Marker" [stack: 0x0000001402700000,0x0000001402800000] [id=21040]
  0x00000127450ae800 ConcurrentGCThread "G1 Conc#0" [stack: 0x0000001402800000,0x0000001402900000] [id=1776]
  0x000001276572b800 ConcurrentGCThread "G1 Conc#1" [stack: 0x0000001403800000,0x0000001403900000] [id=28516]
  0x00000127450de800 ConcurrentGCThread "G1 Refine#0" [stack: 0x0000001402900000,0x0000001402a00000] [id=6176]
  0x00000127450df800 ConcurrentGCThread "G1 Young RemSet Sampling" [stack: 0x0000001402a00000,0x0000001402b00000] [id=3988]

Threads with active compile tasks:

VM state:not at safepoint (normal execution)

VM Mutex/Monitor currently owned by a thread: None

Heap address: 0x0000000082800000, size: 2008 MB, Compressed Oops mode: 32-bit
Narrow klass base: 0x0000000000000000, Narrow klass shift: 3
Compressed class space size: 1073741824 Address: 0x0000000100000000

Heap:
 garbage-first heap   total 8192K, used 2019K [0x0000000082800000, 0x0000000100000000)
  region size 1024K, 2 young (2048K), 1 survivors (1024K)
 Metaspace       used 12473K, capacity 12739K, committed 13056K, reserved 1073152K
  class space    used 1339K, capacity 1423K, committed 1536K, reserved 1048576K
Heap Regions: E=young(eden), S=young(survivor), O=old, HS=humongous(starts), HC=humongous(continues), CS=collection set, F=free, A=archive, TAMS=top-at-mark-start (previous, next)
|   0|0x0000000082800000, 0x0000000082900000, 0x0000000082900000|100%| O|  |TAMS 0x0000000082900000, 0x0000000082800000| Untracked 
|   1|0x0000000082900000, 0x000000008298d000, 0x0000000082a00000| 55%| O|  |TAMS 0x000000008298d000, 0x0000000082900000| Untracked 
|   2|0x0000000082a00000, 0x0000000082a00000, 0x0000000082b00000|  0%| F|  |TAMS 0x0000000082a00000, 0x0000000082a00000| Untracked 
|   3|0x0000000082b00000, 0x0000000082b00000, 0x0000000082c00000|  0%| F|  |TAMS 0x0000000082b00000, 0x0000000082b00000| Untracked 
|   4|0x0000000082c00000, 0x0000000082c00000, 0x0000000082d00000|  0%| F|  |TAMS 0x0000000082c00000, 0x0000000082c00000| Untracked 
|   5|0x0000000082d00000, 0x0000000082d00000, 0x0000000082e00000|  0%| F|  |TAMS 0x0000000082d00000, 0x0000000082d00000| Untracked 
|   6|0x0000000082e00000, 0x0000000082e6bd28, 0x0000000082f00000| 42%| S|CS|TAMS 0x0000000082e00000, 0x0000000082e00000| Complete 
|   7|0x0000000082f00000, 0x0000000082f83da8, 0x0000000083000000| 51%| E|  |TAMS 0x0000000082f00000, 0x0000000082f00000| Complete 

Card table byte_map: [0x000001275d830000,0x000001275dc20000] _byte_map_base: 0x000001275d41c000

Marking Bits (Prev, Next): (CMBitMap*) 0x00000127450a3b50, (CMBitMap*) 0x00000127450a3b18
 Prev Bits: [0x000001275ff70000, 0x0000012761ed0000)
 Next Bits: [0x000001275e010000, 0x000001275ff70000)

Polling page: 0x00000127437c0000

Metaspace:

Usage:
  Non-class:     11.05 MB capacity,    10.87 MB ( 98%) used,   165.43 KB (  1%) free+waste,    16.69 KB ( <1%) overhead. 
      Class:      1.39 MB capacity,     1.31 MB ( 94%) used,    75.02 KB (  5%) free+waste,     8.06 KB ( <1%) overhead. 
       Both:     12.44 MB capacity,    12.18 MB ( 98%) used,   240.45 KB (  2%) free+waste,    24.75 KB ( <1%) overhead. 

Virtual space:
  Non-class space:       24.00 MB reserved,      11.25 MB ( 47%) committed 
      Class space:        1.00 GB reserved,       1.50 MB ( <1%) committed 
             Both:        1.02 GB reserved,      12.75 MB (  1%) committed 

Chunk freelists:
   Non-Class:  12.00 KB
       Class:  17.00 KB
        Both:  29.00 KB

MaxMetaspaceSize: 17179869184.00 GB
CompressedClassSpaceSize: 1.00 GB

CodeHeap 'non-profiled nmethods': size=120000Kb used=147Kb max_used=147Kb free=119852Kb
 bounds [0x00000127559c0000, 0x0000012755c30000, 0x000001275cef0000]
CodeHeap 'profiled nmethods': size=120000Kb used=806Kb max_used=806Kb free=119194Kb
 bounds [0x000001274e490000, 0x000001274e700000, 0x00000127559c0000]
CodeHeap 'non-nmethods': size=5760Kb used=1067Kb max_used=1080Kb free=4692Kb
 bounds [0x000001274def0000, 0x000001274e160000, 0x000001274e490000]
 total_blobs=919 nmethods=549 adapters=282
 compilation: enabled
              stopped_count=0, restarted_count=0
 full_count=0

Compilation events (20 events):
Event: 0.365 Thread 0x0000012764fa7800  540       3       java.util.EnumMap::unmaskNull (13 bytes)
Event: 0.366 Thread 0x0000012764fa7800 nmethod 540 0x000001274e555610 code [0x000001274e5557c0, 0x000001274e555918]
Event: 0.366 Thread 0x0000012764fa7800  541       3       java.util.EnumMap::put (51 bytes)
Event: 0.366 Thread 0x0000012764fa7800 nmethod 541 0x000001274e555990 code [0x000001274e555b80, 0x000001274e556068]
Event: 0.366 Thread 0x0000012764fa7800  543       3       java.util.EnumMap::maskNull (12 bytes)
Event: 0.366 Thread 0x0000012764fa7800 nmethod 543 0x000001274e556210 code [0x000001274e5563c0, 0x000001274e556518]
Event: 0.366 Thread 0x0000012764fa7800  544       3       java.util.EnumMap::put (10 bytes)
Event: 0.366 Thread 0x0000012764fa7800 nmethod 544 0x000001274e556590 code [0x000001274e556760, 0x000001274e5569e8]
Event: 0.366 Thread 0x0000012764fa7800  542       3       java.util.EnumMap::typeCheck (59 bytes)
Event: 0.367 Thread 0x0000012764fa7800 nmethod 542 0x000001274e556a90 code [0x000001274e556d60, 0x000001274e557a58]
Event: 0.367 Thread 0x0000012764fa7800  545       3       jdk.internal.misc.SharedSecrets::getJavaLangAccess (4 bytes)
Event: 0.367 Thread 0x0000012764fa7800 nmethod 545 0x000001274e557f10 code [0x000001274e5580c0, 0x000001274e5581b8]
Event: 0.367 Thread 0x0000012764fa7800  546       1       java.lang.Enum::name (5 bytes)
Event: 0.367 Thread 0x0000012764fa7800 nmethod 546 0x00000127559e4790 code [0x00000127559e4940, 0x00000127559e49f8]
Event: 0.369 Thread 0x0000012764fa7800  547       3       com.sun.tools.javac.util.Names::fromString (9 bytes)
Event: 0.369 Thread 0x0000012764fa7800 nmethod 547 0x000001274e558210 code [0x000001274e558420, 0x000001274e558b08]
Event: 0.369 Thread 0x0000012764fa7800  549       1       com.sun.tools.javac.util.SharedNameTable$NameImpl::getIndex (5 bytes)
Event: 0.369 Thread 0x0000012764fa7800 nmethod 549 0x00000127559e4a90 code [0x00000127559e4c40, 0x00000127559e4cf8]
Event: 0.369 Thread 0x0000012764fa7800  548       3       com.sun.tools.javac.util.Name$Table::fromString (14 bytes)
Event: 0.370 Thread 0x0000012764fa7800 nmethod 548 0x000001274e558d90 code [0x000001274e558fa0, 0x000001274e559588]

GC Heap History (8 events):
Event: 0.217 GC heap before
{Heap before GC invocations=0 (full 0):
 garbage-first heap   total 8192K, used 3072K [0x0000000082800000, 0x0000000100000000)
  region size 1024K, 3 young (3072K), 0 survivors (0K)
 Metaspace       used 8552K, capacity 8759K, committed 8960K, reserved 1056768K
  class space    used 824K, capacity 903K, committed 1024K, reserved 1048576K
}
Event: 0.220 GC heap after
{Heap after GC invocations=1 (full 0):
 garbage-first heap   total 8192K, used 1127K [0x0000000082800000, 0x0000000100000000)
  region size 1024K, 1 young (1024K), 1 survivors (1024K)
 Metaspace       used 8552K, capacity 8759K, committed 8960K, reserved 1056768K
  class space    used 824K, capacity 903K, committed 1024K, reserved 1048576K
}
Event: 0.262 GC heap before
{Heap before GC invocations=1 (full 0):
 garbage-first heap   total 8192K, used 2151K [0x0000000082800000, 0x0000000100000000)
  region size 1024K, 2 young (2048K), 1 survivors (1024K)
 Metaspace       used 9849K, capacity 10051K, committed 10112K, reserved 1058816K
  class space    used 1037K, capacity 1099K, committed 1152K, reserved 1048576K
}
Event: 0.265 GC heap after
{Heap after GC invocations=2 (full 0):
 garbage-first heap   total 8192K, used 1661K [0x0000000082800000, 0x0000000100000000)
  region size 1024K, 1 young (1024K), 1 survivors (1024K)
 Metaspace       used 9849K, capacity 10051K, committed 10112K, reserved 1058816K
  class space    used 1037K, capacity 1099K, committed 1152K, reserved 1048576K
}
Event: 0.337 GC heap before
{Heap before GC invocations=2 (full 0):
 garbage-first heap   total 8192K, used 2685K [0x0000000082800000, 0x0000000100000000)
  region size 1024K, 2 young (2048K), 1 survivors (1024K)
 Metaspace       used 11542K, capacity 11746K, committed 11904K, reserved 1060864K
  class space    used 1214K, capacity 1282K, committed 1408K, reserved 1048576K
}
Event: 0.338 GC heap after
{Heap after GC invocations=3 (full 0):
 garbage-first heap   total 8192K, used 1983K [0x0000000082800000, 0x0000000100000000)
  region size 1024K, 1 young (1024K), 1 survivors (1024K)
 Metaspace       used 11542K, capacity 11746K, committed 11904K, reserved 1060864K
  class space    used 1214K, capacity 1282K, committed 1408K, reserved 1048576K
}
Event: 0.343 GC heap before
{Heap before GC invocations=3 (full 0):
 garbage-first heap   total 8192K, used 1983K [0x0000000082800000, 0x0000000100000000)
  region size 1024K, 2 young (2048K), 1 survivors (1024K)
 Metaspace       used 11628K, capacity 11776K, committed 11904K, reserved 1067008K
  class space    used 1228K, capacity 1294K, committed 1408K, reserved 1048576K
}
Event: 0.344 GC heap after
{Heap after GC invocations=4 (full 0):
 garbage-first heap   total 8192K, used 2019K [0x0000000082800000, 0x0000000100000000)
  region size 1024K, 1 young (1024K), 1 survivors (1024K)
 Metaspace       used 11628K, capacity 11776K, committed 11904K, reserved 1067008K
  class space    used 1228K, capacity 1294K, committed 1408K, reserved 1048576K
}

Deoptimization events (20 events):
Event: 0.181 Thread 0x000001274595d800 Uncommon trap: trap_request=0xffffffc6 fr.pc=0x00000127559c9294 relative=0x0000000000000074
Event: 0.181 Thread 0x000001274595d800 Uncommon trap: reason=bimorphic_or_optimized_type_check action=maybe_recompile pc=0x00000127559c9294 method=java.util.AbstractCollection.isEmpty()Z @ 1 c2
Event: 0.181 Thread 0x000001274595d800 DEOPT PACKING pc=0x00000127559c9294 sp=0x00000014025febb0
Event: 0.181 Thread 0x000001274595d800 DEOPT UNPACKING pc=0x000001274df174af sp=0x00000014025feb40 mode 2
Event: 0.181 Thread 0x000001274595d800 Uncommon trap: trap_request=0xffffffc6 fr.pc=0x00000127559c9294 relative=0x0000000000000074
Event: 0.181 Thread 0x000001274595d800 Uncommon trap: reason=bimorphic_or_optimized_type_check action=maybe_recompile pc=0x00000127559c9294 method=java.util.AbstractCollection.isEmpty()Z @ 1 c2
Event: 0.181 Thread 0x000001274595d800 DEOPT PACKING pc=0x00000127559c9294 sp=0x00000014025feb30
Event: 0.181 Thread 0x000001274595d800 DEOPT UNPACKING pc=0x000001274df174af sp=0x00000014025feac0 mode 2
Event: 0.181 Thread 0x000001274595d800 Uncommon trap: trap_request=0xffffffc6 fr.pc=0x00000127559c9294 relative=0x0000000000000074
Event: 0.181 Thread 0x000001274595d800 Uncommon trap: reason=bimorphic_or_optimized_type_check action=maybe_recompile pc=0x00000127559c9294 method=java.util.AbstractCollection.isEmpty()Z @ 1 c2
Event: 0.181 Thread 0x000001274595d800 DEOPT PACKING pc=0x00000127559c9294 sp=0x00000014025feba0
Event: 0.181 Thread 0x000001274595d800 DEOPT UNPACKING pc=0x000001274df174af sp=0x00000014025feb30 mode 2
Event: 0.181 Thread 0x000001274595d800 Uncommon trap: trap_request=0xffffffc6 fr.pc=0x00000127559c9294 relative=0x0000000000000074
Event: 0.181 Thread 0x000001274595d800 Uncommon trap: reason=bimorphic_or_optimized_type_check action=maybe_recompile pc=0x00000127559c9294 method=java.util.AbstractCollection.isEmpty()Z @ 1 c2
Event: 0.181 Thread 0x000001274595d800 DEOPT PACKING pc=0x00000127559c9294 sp=0x00000014025feba0
Event: 0.181 Thread 0x000001274595d800 DEOPT UNPACKING pc=0x000001274df174af sp=0x00000014025feb30 mode 2
Event: 0.198 Thread 0x000001274595d800 Uncommon trap: trap_request=0xffffff4d fr.pc=0x00000127559cf580 relative=0x0000000000000060
Event: 0.198 Thread 0x000001274595d800 Uncommon trap: reason=unstable_if action=reinterpret pc=0x00000127559cf580 method=java.nio.Buffer.hasRemaining()Z @ 8 c2
Event: 0.198 Thread 0x000001274595d800 DEOPT PACKING pc=0x00000127559cf580 sp=0x00000014025fca60
Event: 0.198 Thread 0x000001274595d800 DEOPT UNPACKING pc=0x000001274df174af sp=0x00000014025fc9f8 mode 2

Classes redefined (0 events):
No events

Internal exceptions (12 events):
Event: 0.188 Thread 0x000001274595d800 Exception <a 'sun/nio/fs/WindowsException'{0x0000000082d7bed8}> (0x0000000082d7bed8) thrown at [./src/hotspot/share/prims/jni.cpp, line 615]
Event: 0.211 Thread 0x000001274595d800 Exception <a 'sun/nio/fs/WindowsException'{0x0000000082de3088}> (0x0000000082de3088) thrown at [./src/hotspot/share/prims/jni.cpp, line 615]
Event: 0.212 Thread 0x000001274595d800 Exception <a 'sun/nio/fs/WindowsException'{0x0000000082de6860}> (0x0000000082de6860) thrown at [./src/hotspot/share/prims/jni.cpp, line 615]
Event: 0.212 Thread 0x000001274595d800 Exception <a 'sun/nio/fs/WindowsException'{0x0000000082de6d80}> (0x0000000082de6d80) thrown at [./src/hotspot/share/prims/jni.cpp, line 615]
Event: 0.213 Thread 0x000001274595d800 Exception <a 'sun/nio/fs/WindowsException'{0x0000000082de7808}> (0x0000000082de7808) thrown at [./src/hotspot/share/prims/jni.cpp, line 615]
Event: 0.213 Thread 0x000001274595d800 Exception <a 'sun/nio/fs/WindowsException'{0x0000000082de7a48}> (0x0000000082de7a48) thrown at [./src/hotspot/share/prims/jni.cpp, line 615]
Event: 0.214 Thread 0x000001274595d800 Exception <a 'java/lang/NoSuchMethodError'{0x0000000082def390}: 'int java.lang.invoke.DirectMethodHandle$Holder.invokeVirtual(java.lang.Object, java.lang.Object, java.lang.Object)'> (0x0000000082def390) thrown at [./src/hotspot/share/interpreter/linkResolver.cpp, line 773]
Event: 0.275 Thread 0x000001274595d800 Exception <a 'java/lang/NoSuchMethodError'{0x0000000082f0f4e0}: 'int java.lang.invoke.DirectMethodHandle$Holder.invokeStaticInit(java.lang.Object, java.lang.Object)'> (0x0000000082f0f4e0) thrown at [./src/hotspot/share/interpreter/linkResolver.cpp, line 773]
Event: 0.334 Thread 0x000001274595d800 Exception <a 'java/lang/NoSuchMethodError'{0x0000000082fe8118}: 'int java.lang.invoke.DirectMethodHandle$Holder.invokeVirtual(java.lang.Object, java.lang.Object)'> (0x0000000082fe8118) thrown at [./src/hotspot/share/interpreter/linkResolver.cpp, line 773]
Event: 0.341 Thread 0x000001274595d800 Exception <a 'java/lang/NoSuchMethodError'{0x0000000082f1a570}: 'java.lang.Object java.lang.invoke.Invokers$Holder.linkToTargetMethod(java.lang.Object, java.lang.Object, java.lang.Object, java.lang.Object, java.lang.Object, java.lang.Object)'> (0x0000000082f1a570) thrown at [./src/hotspot/share/interpreter/linkResolver.cpp, line 773]
Event: 0.353 Thread 0x000001274595d800 Exception <a 'sun/nio/fs/WindowsException'{0x0000000082f1ee78}> (0x0000000082f1ee78) thrown at [./src/hotspot/share/prims/jni.cpp, line 615]
Event: 0.354 Thread 0x000001274595d800 Exception <a 'sun/nio/fs/WindowsException'{0x0000000082f1f138}> (0x0000000082f1f138) thrown at [./src/hotspot/share/prims/jni.cpp, line 615]

Events (20 events):
Event: 0.348 Executing VM operation: CGC_Operation
Event: 0.349 Executing VM operation: CGC_Operation done
Event: 0.350 Executing VM operation: CGC_Operation
Event: 0.350 Executing VM operation: CGC_Operation done
Event: 0.354 loading class jdk/internal/jrtfs/JrtFileSystem
Event: 0.354 loading class jdk/internal/jrtfs/JrtFileSystem done
Event: 0.354 loading class jdk/internal/jrtfs/JrtPath
Event: 0.355 loading class jdk/internal/jrtfs/JrtPath done
Event: 0.355 loading class jdk/internal/jrtfs/SystemImage
Event: 0.355 loading class jdk/internal/jrtfs/SystemImage done
Event: 0.355 loading class jdk/internal/jrtfs/SystemImage$2
Event: 0.355 loading class jdk/internal/jrtfs/SystemImage$2 done
Event: 0.355 loading class jdk/internal/jimage/ImageReader$Directory
Event: 0.356 loading class jdk/internal/jimage/ImageReader$Node
Event: 0.356 loading class jdk/internal/jimage/ImageReader$Node done
Event: 0.356 loading class jdk/internal/jimage/ImageReader$Directory done
Event: 0.356 loading class jdk/internal/jrtfs/SystemImage$1
Event: 0.356 loading class jdk/internal/jrtfs/SystemImage$1 done
Event: 0.363 loading class java/util/concurrent/Callable
Event: 0.363 loading class java/util/concurrent/Callable done


Dynamic libraries:
0x00007ff717f60000 - 0x00007ff717f67000 	C:\Program Files\AdoptOpenJDK\jdk-11.0.8.10-hotspot\bin\javac.exe
0x00007ffa4e280000 - 0x00007ffa4e470000 	C:\WINDOWS\SYSTEM32\ntdll.dll
0x00007ffa4cba0000 - 0x00007ffa4cc52000 	C:\WINDOWS\System32\KERNEL32.DLL
0x00007ffa4bc10000 - 0x00007ffa4beb5000 	C:\WINDOWS\System32\KERNELBASE.dll
0x00007ffa4bec0000 - 0x00007ffa4bfba000 	C:\WINDOWS\System32\ucrtbase.dll
0x00007ffa46270000 - 0x00007ffa46285000 	C:\Program Files\AdoptOpenJDK\jdk-11.0.8.10-hotspot\bin\VCRUNTIME140.dll
0x00007ffa45fb0000 - 0x00007ffa45fc7000 	C:\Program Files\AdoptOpenJDK\jdk-11.0.8.10-hotspot\bin\jli.dll
0x00007ffa4d690000 - 0x00007ffa4d824000 	C:\WINDOWS\System32\USER32.dll
0x00007ffa4bff0000 - 0x00007ffa4c011000 	C:\WINDOWS\System32\win32u.dll
0x00007ffa2f590000 - 0x00007ffa2f814000 	C:\WINDOWS\WinSxS\amd64_microsoft.windows.common-controls_6595b64144ccf1df_6.0.18362.1139_none_9e7bf2d3e4605ac6\COMCTL32.dll
0x00007ffa4cf30000 - 0x00007ffa4cf56000 	C:\WINDOWS\System32\GDI32.dll
0x00007ffa4cf60000 - 0x00007ffa4cffe000 	C:\WINDOWS\System32\msvcrt.dll
0x00007ffa4c040000 - 0x00007ffa4c1d6000 	C:\WINDOWS\System32\gdi32full.dll
0x00007ffa4c330000 - 0x00007ffa4c665000 	C:\WINDOWS\System32\combase.dll
0x00007ffa4c1e0000 - 0x00007ffa4c27e000 	C:\WINDOWS\System32\msvcp_win.dll
0x00007ffa4d970000 - 0x00007ffa4da90000 	C:\WINDOWS\System32\RPCRT4.dll
0x00007ffa4bb90000 - 0x00007ffa4bc10000 	C:\WINDOWS\System32\bcryptPrimitives.dll
0x00007ffa4d210000 - 0x00007ffa4d23e000 	C:\WINDOWS\System32\IMM32.DLL
0x00007ffa4adc0000 - 0x00007ffa4aeb7000 	C:\Windows\system32\guard64.dll
0x00007ffa4e180000 - 0x00007ffa4e223000 	C:\WINDOWS\System32\ADVAPI32.dll
0x00007ffa4ce10000 - 0x00007ffa4cea7000 	C:\WINDOWS\System32\sechost.dll
0x00007ffa4adb0000 - 0x00007ffa4adba000 	C:\WINDOWS\system32\version.dll
0x00007ffa4d000000 - 0x00007ffa4d157000 	C:\WINDOWS\System32\ole32.dll
0x00007ffa4ada0000 - 0x00007ffa4adaa000 	C:\WINDOWS\system32\fltlib.dll
0x00007ffa4da90000 - 0x00007ffa4e177000 	C:\WINDOWS\System32\shell32.dll
0x00007ffa4bb40000 - 0x00007ffa4bb8a000 	C:\WINDOWS\System32\cfgmgr32.dll
0x00007ffa4d160000 - 0x00007ffa4d209000 	C:\WINDOWS\System32\shcore.dll
0x00007ffa4b3c0000 - 0x00007ffa4bb40000 	C:\WINDOWS\System32\windows.storage.dll
0x00007ffa4b150000 - 0x00007ffa4b173000 	C:\WINDOWS\System32\profapi.dll
0x00007ffa4b180000 - 0x00007ffa4b1ca000 	C:\WINDOWS\System32\powrprof.dll
0x00007ffa4b140000 - 0x00007ffa4b150000 	C:\WINDOWS\System32\UMPDC.dll
0x00007ffa4c670000 - 0x00007ffa4c6c2000 	C:\WINDOWS\System32\shlwapi.dll
0x00007ffa4b1f0000 - 0x00007ffa4b201000 	C:\WINDOWS\System32\kernel.appcore.dll
0x00007ffa4c020000 - 0x00007ffa4c037000 	C:\WINDOWS\System32\cryptsp.dll
0x00007ffa4aec0000 - 0x00007ffa4af30000 	C:\Windows\system32\cssguard64.dll
0x00007ffa4d240000 - 0x00007ffa4d305000 	C:\WINDOWS\System32\OLEAUT32.dll
0x00007ffa4b210000 - 0x00007ffa4b359000 	C:\WINDOWS\System32\CRYPT32.dll
0x00007ffa4b1d0000 - 0x00007ffa4b1e2000 	C:\WINDOWS\System32\MSASN1.dll
0x00007ffa19050000 - 0x00007ffa190eb000 	C:\Program Files\AdoptOpenJDK\jdk-11.0.8.10-hotspot\bin\msvcp140.dll
0x00007ffa03450000 - 0x00007ffa03f0d000 	C:\Program Files\AdoptOpenJDK\jdk-11.0.8.10-hotspot\bin\server\jvm.dll
0x00007ffa4e230000 - 0x00007ffa4e238000 	C:\WINDOWS\System32\PSAPI.DLL
0x00007ffa3a7c0000 - 0x00007ffa3a7c9000 	C:\WINDOWS\SYSTEM32\WSOCK32.dll
0x00007ffa4cec0000 - 0x00007ffa4cf2f000 	C:\WINDOWS\System32\WS2_32.dll
0x00007ffa41dd0000 - 0x00007ffa41df4000 	C:\WINDOWS\SYSTEM32\WINMM.dll
0x00007ffa41da0000 - 0x00007ffa41dcd000 	C:\WINDOWS\SYSTEM32\WINMMBASE.dll
0x00007ffa46c50000 - 0x00007ffa46c60000 	C:\Program Files\AdoptOpenJDK\jdk-11.0.8.10-hotspot\bin\verify.dll
0x00007ffa498b0000 - 0x00007ffa49aa4000 	C:\WINDOWS\SYSTEM32\DBGHELP.DLL
0x00007ffa38310000 - 0x00007ffa3833a000 	C:\WINDOWS\SYSTEM32\dbgcore.DLL
0x00007ffa46090000 - 0x00007ffa460b8000 	C:\Program Files\AdoptOpenJDK\jdk-11.0.8.10-hotspot\bin\java.dll
0x00007ffa46310000 - 0x00007ffa4631a000 	C:\Program Files\AdoptOpenJDK\jdk-11.0.8.10-hotspot\bin\jimage.dll
0x00007ffa46050000 - 0x00007ffa46067000 	C:\Program Files\AdoptOpenJDK\jdk-11.0.8.10-hotspot\bin\zip.dll
0x00007ffa46010000 - 0x00007ffa46029000 	C:\Program Files\AdoptOpenJDK\jdk-11.0.8.10-hotspot\bin\net.dll
0x00007ffa473b0000 - 0x00007ffa474a0000 	C:\WINDOWS\SYSTEM32\WINHTTP.dll
0x00007ffa4a800000 - 0x00007ffa4a867000 	C:\WINDOWS\system32\mswsock.dll
0x00007ffa32060000 - 0x00007ffa32072000 	C:\Program Files\AdoptOpenJDK\jdk-11.0.8.10-hotspot\bin\nio.dll

dbghelp: loaded successfully - version: 4.0.5 - missing functions: none
symbol engine: initialized successfully - sym options: 0x614 - pdb path: .;C:\Program Files\AdoptOpenJDK\jdk-11.0.8.10-hotspot\bin;C:\WINDOWS\SYSTEM32;C:\WINDOWS\WinSxS\amd64_microsoft.windows.common-controls_6595b64144ccf1df_6.0.18362.1139_none_9e7bf2d3e4605ac6;C:\Program Files\AdoptOpenJDK\jdk-11.0.8.10-hotspot\bin\server

VM Arguments:
jvm_args: -Dapplication.home=C:\Program Files\AdoptOpenJDK\jdk-11.0.8.10-hotspot --add-modules=ALL-DEFAULT -Xms8m -Djdk.module.main=jdk.compiler 
java_command: jdk.compiler/com.sun.tools.javac.Main -d E:\Java\GUI_SQL_test\build\classes -classpath E:\Java\GUI_SQL_test\build\classes;E:\Documents\mysql-connector-java-5.1.49\mysql-connector-java-5.1.49\mysql-connector-java-5.1.49-bin.jar;E:\Documents\mysql-connector-java-5.1.49\mysql-connector-java-5.1.49\mysql-connector-java-5.1.49.jar;E:\Documents\1398197092_jdatechooser\jdatechooser\DateChooser.jar -sourcepath E:\Java\GUI_SQL_test\build\empty -target 11 -encoding UTF-8 -g -processorpath E:\Documents\mysql-connector-java-5.1.49\mysql-connector-java-5.1.49\mysql-connector-java-5.1.49-bin.jar;E:\Documents\mysql-connector-java-5.1.49\mysql-connector-java-5.1.49\mysql-connector-java-5.1.49.jar;E:\Documents\1398197092_jdatechooser\jdatechooser\DateChooser.jar;E:\Java\GUI_SQL_test\build\empty -s E:\Java\GUI_SQL_test\build\generated-sources\ap-source-output -source 11 --module-path E:\Documents\mysql-connector-java-5.1.49\mysql-connector-java-5.1.49\mysql-connector-java-5.1.49.jar;E:\Documents\mysql-connector-java-5.1.49\mysql-connector-java-5.1.49\mysql-connector-java-5.1.49-bin.jar E:\Java\GUI_SQL_test\src\GUI3.java
java_class_path (initial): <not set>
Launcher Type: SUN_STANDARD

[Global flags]
     intx CICompilerCount                          = 4                                         {product} {ergonomic}
     uint ConcGCThreads                            = 2                                         {product} {ergonomic}
     uint G1ConcRefinementThreads                  = 8                                         {product} {ergonomic}
   size_t G1HeapRegionSize                         = 1048576                                   {product} {ergonomic}
    uintx GCDrainStackTargetSize                   = 64                                        {product} {ergonomic}
   size_t InitialHeapSize                          = 8388608                                   {product} {command line}
   size_t MarkStackSize                            = 4194304                                   {product} {ergonomic}
   size_t MaxHeapSize                              = 2105540608                                {product} {ergonomic}
   size_t MaxNewSize                               = 1262485504                                {product} {ergonomic}
   size_t MinHeapDeltaBytes                        = 1048576                                   {product} {ergonomic}
    uintx NonNMethodCodeHeapSize                   = 5836300                                {pd product} {ergonomic}
    uintx NonProfiledCodeHeapSize                  = 122910970                              {pd product} {ergonomic}
    uintx ProfiledCodeHeapSize                     = 122910970                              {pd product} {ergonomic}
    uintx ReservedCodeCacheSize                    = 251658240                              {pd product} {ergonomic}
     bool SegmentedCodeCache                       = true                                      {product} {ergonomic}
     bool UseCompressedClassPointers               = true                                 {lp64_product} {ergonomic}
     bool UseCompressedOops                        = true                                 {lp64_product} {ergonomic}
     bool UseG1GC                                  = true                                      {product} {ergonomic}
     bool UseLargePagesIndividualAllocation        = false                                  {pd product} {ergonomic}

Logging:
Log output configuration:
 #0: stdout all=warning uptime,level,tags
 #1: stderr all=off uptime,level,tags

Environment Variables:
JAVA_HOME=C:\Program Files\AdoptOpenJDK\jdk-11.0.8.10-hotspot\
PATH=C:\Program Files\AdoptOpenJDK\jdk-11.0.8.10-hotspot\bin;"C:\Program Files (x86)\Common Files\Oracle\Java\javapath;C:\Users\remip\Documents\thc-hydra-windows-master";C:\Program Files (x86)\Intel\Intel(R) Management Engine Components\iCLS\;C:\Program Files\Intel\Intel(R) Management Engine Components\iCLS\;C:\Windows\system32;C:\Windows;C:\Windows\System32\Wbem;C:\Windows\System32\WindowsPowerShell\v1.0\;C:\Windows\System32\OpenSSH\;C:\Program Files (x86)\Intel\Intel(R) Management Engine Components\DAL;C:\Program Files\Intel\Intel(R) Management Engine Components\DAL;C:\Program Files (x86)\Intel\Intel(R) Management Engine Components\IPT;C:\Program Files\Intel\Intel(R) Management Engine Components\IPT;C:\Program Files (x86)\NVIDIA Corporation\PhysX\Common;C:\TDM-GCC-64\bin;C:\WINDOWS\system32;C:\WINDOWS;C:\WINDOWS\System32\Wbem;C:\WINDOWS\System32\WindowsPowerShell\v1.0\;C:\WINDOWS\System32\OpenSSH\;C:\Program Files\Intel\WiFi\bin\;C:\Program Files\Common Files\Intel\WirelessCommon\;D:\components\php;D:\Program Files\Git\cmd;C:\Program Files\NVIDIA Corporation\NVIDIA NvDLISR;C:\Program Files (x86)\mingw-w64\i686-8.1.0-posix-dwarf-rt_v6-rev0\mingw32\bin;C:\Users\remip\Documents\thc-hydra-windows-master;E:\Program Files\Microsoft VS Code\bin;C:\Users\remip\AppData\Local\Programs\Python\Python39;"C:\Users\remip\AppData\Local\Microsoft\WindowsApps;C:\Users\remip\Documents\thc-hydra-windows-master";D:\modelsim_ase\win32aloem;D:\Documents\modelsim_ase\win32aloem;C:\Users\remip\AppData\Local\GitHubDesktop\bin;D:\Program Files\Visual studio code\Microsoft VS Code\bin;D:\Program Files\mingw-w64\i686-8.1.0-posix-dwarf-rt_v6-rev0\mingw32\bin;C:\Users\remip\Documents\thc-hydra-windows-master;
USERNAME=remip
OS=Windows_NT
PROCESSOR_IDENTIFIER=Intel64 Family 6 Model 142 Stepping 10, GenuineIntel



---------------  S Y S T E M  ---------------

OS: Windows 10 , 64 bit Build 18362 (10.0.18362.1110)
OS uptime: 6 days 19:08 hours

CPU:total 8 (initial active 8) (4 cores per cpu, 2 threads per core) family 6 model 142 stepping 10, cmov, cx8, fxsr, mmx, sse, sse2, sse3, ssse3, sse4.1, sse4.2, popcnt, avx, avx2, aes, clmul, erms, 3dnowpref, lzcnt, ht, tsc, tscinvbit, bmi1, bmi2, adx, fma

Memory: 4k page, system-wide physical 8025M (605M free)
TotalPageFile size 21249M (AvailPageFile size 0M)
current process WorkingSet (physical memory assigned to process): 52M, peak: 52M
current process commit charge ("private bytes"): 92M, peak: 92M

vm_info: OpenJDK 64-Bit Server VM (11.0.8+10) for windows-amd64 JRE (11.0.8+10), built on Jul 15 2020 11:45:54 by "" with MS VC++ 15.9 (VS2017)

END.
